<?xml version="1.0" encoding="UTF-8"?>
<coverage generated="1745740829">
  <project timestamp="1745740829">
    <file name="C:\xampp\htdocs\gp\gp_loader\src\Config\ArrayLoader.php">
      <class name="Loader\Config\ArrayLoader" namespace="global">
        <metrics complexity="2" methods="2" coveredmethods="2" conditionals="0" coveredconditionals="0" statements="3" coveredstatements="3" elements="5" coveredelements="5"/>
      </class>
      <line num="12" type="method" name="innerLoader" visibility="public" complexity="1" crap="1" count="4"/>
      <line num="14" type="stmt" count="4"/>
      <line num="16" type="stmt" count="2"/>
      <line num="24" type="method" name="getValidFileTypes" visibility="public" complexity="1" crap="1" count="2"/>
      <line num="26" type="stmt" count="2"/>
      <metrics loc="29" ncloc="19" classes="1" methods="2" coveredmethods="2" conditionals="0" coveredconditionals="0" statements="3" coveredstatements="3" elements="5" coveredelements="5"/>
    </file>
    <file name="C:\xampp\htdocs\gp\gp_loader\src\Config\ConfigLoader.php">
      <class name="Loader\Config\ConfigLoader" namespace="global">
        <metrics complexity="37" methods="14" coveredmethods="13" conditionals="0" coveredconditionals="0" statements="71" coveredstatements="65" elements="85" coveredelements="78"/>
      </class>
      <line num="34" type="method" name="__construct" visibility="protected" complexity="1" crap="1" count="24"/>
      <line num="36" type="stmt" count="24"/>
      <line num="44" type="method" name="load" visibility="public" complexity="1" crap="1" count="12"/>
      <line num="46" type="stmt" count="12"/>
      <line num="48" type="stmt" count="7"/>
      <line num="50" type="stmt" count="7"/>
      <line num="60" type="method" name="get" visibility="public" complexity="1" crap="1" count="4"/>
      <line num="62" type="stmt" count="4"/>
      <line num="70" type="method" name="getAll" visibility="public" complexity="1" crap="1" count="7"/>
      <line num="72" type="stmt" count="7"/>
      <line num="82" type="method" name="merge" visibility="public" complexity="1" crap="1" count="1"/>
      <line num="84" type="stmt" count="1"/>
      <line num="86" type="stmt" count="1"/>
      <line num="98" type="method" name="set" visibility="public" complexity="3" crap="3" count="2"/>
      <line num="100" type="stmt" count="2"/>
      <line num="101" type="stmt" count="1"/>
      <line num="104" type="stmt" count="1"/>
      <line num="106" type="stmt" count="1"/>
      <line num="116" type="method" name="override" visibility="public" complexity="1" crap="1" count="3"/>
      <line num="118" type="stmt" count="3"/>
      <line num="120" type="stmt" count="3"/>
      <line num="146" type="method" name="getInstance" visibility="public" complexity="9" crap="13.27" count="17"/>
      <line num="150" type="stmt" count="5"/>
      <line num="152" type="stmt" count="5"/>
      <line num="154" type="stmt" count="9"/>
      <line num="156" type="stmt" count="9"/>
      <line num="158" type="stmt" count="3"/>
      <line num="160" type="stmt" count="3"/>
      <line num="162" type="stmt" count="0"/>
      <line num="164" type="stmt" count="0"/>
      <line num="166" type="stmt" count="0"/>
      <line num="168" type="stmt" count="0"/>
      <line num="170" type="stmt" count="0"/>
      <line num="172" type="stmt" count="0"/>
      <line num="175" type="stmt" count="1"/>
      <line num="178" type="stmt" count="17"/>
      <line num="179" type="stmt" count="1"/>
      <line num="182" type="stmt" count="17"/>
      <line num="193" type="method" name="loadConfig" visibility="public" complexity="9" crap="9" count="8"/>
      <line num="195" type="stmt" count="8"/>
      <line num="196" type="stmt" count="8"/>
      <line num="197" type="stmt" count="8"/>
      <line num="198" type="stmt" count="8"/>
      <line num="200" type="stmt" count="8"/>
      <line num="201" type="stmt" count="1"/>
      <line num="203" type="stmt" count="1"/>
      <line num="204" type="stmt" count="7"/>
      <line num="205" type="stmt" count="1"/>
      <line num="207" type="stmt" count="1"/>
      <line num="208" type="stmt" count="6"/>
      <line num="209" type="stmt" count="2"/>
      <line num="211" type="stmt" count="2"/>
      <line num="212" type="stmt" count="4"/>
      <line num="213" type="stmt" count="2"/>
      <line num="215" type="stmt" count="2"/>
      <line num="216" type="stmt" count="2"/>
      <line num="217" type="stmt" count="2"/>
      <line num="218" type="stmt" count="1"/>
      <line num="220" type="stmt" count="1"/>
      <line num="222" type="stmt" count="1"/>
      <line num="224" type="stmt" count="7"/>
      <line num="225" type="stmt" count="1"/>
      <line num="228" type="stmt" count="7"/>
      <line num="234" type="method" name="loadHandler" visibility="private" complexity="2" crap="2" count="7"/>
      <line num="236" type="stmt" count="7"/>
      <line num="237" type="stmt" count="1"/>
      <line num="240" type="stmt" count="6"/>
      <line num="250" type="method" name="setLoadHandler" visibility="public" complexity="1" crap="1" count="1"/>
      <line num="252" type="stmt" count="1"/>
      <line num="254" type="stmt" count="1"/>
      <line num="262" type="method" name="defaultHandler" visibility="protected" complexity="2" crap="2" count="6"/>
      <line num="264" type="stmt" count="6"/>
      <line num="265" type="stmt" count="6"/>
      <line num="275" type="method" name="getConfig" visibility="public" complexity="1" crap="1" count="1"/>
      <line num="277" type="stmt" count="1"/>
      <line num="285" type="method" name="getFile" visibility="public" complexity="4" crap="4" count="14"/>
      <line num="287" type="stmt" count="14"/>
      <line num="288" type="stmt" count="14"/>
      <line num="289" type="stmt" count="2"/>
      <line num="291" type="stmt" count="12"/>
      <line num="292" type="stmt" count="2"/>
      <line num="295" type="stmt" count="10"/>
      <line num="296" type="stmt" count="10"/>
      <line num="297" type="stmt" count="1"/>
      <line num="300" type="stmt" count="9"/>
      <metrics loc="303" ncloc="194" classes="1" methods="14" coveredmethods="13" conditionals="0" coveredconditionals="0" statements="71" coveredstatements="65" elements="85" coveredelements="78"/>
    </file>
    <file name="C:\xampp\htdocs\gp\gp_loader\src\Config\EnvLoader.php">
      <class name="Loader\Config\EnvLoader" namespace="global">
        <metrics complexity="5" methods="2" coveredmethods="2" conditionals="0" coveredconditionals="0" statements="12" coveredstatements="12" elements="14" coveredelements="14"/>
      </class>
      <line num="32" type="method" name="innerLoader" visibility="public" complexity="4" crap="4" count="5"/>
      <line num="34" type="stmt" count="5"/>
      <line num="35" type="stmt" count="2"/>
      <line num="36" type="stmt" count="2"/>
      <line num="37" type="stmt" count="2"/>
      <line num="38" type="stmt" count="2"/>
      <line num="39" type="stmt" count="2"/>
      <line num="41" type="stmt" count="2"/>
      <line num="42" type="stmt" count="2"/>
      <line num="44" type="stmt" count="2"/>
      <line num="46" type="stmt" count="2"/>
      <line num="49" type="stmt" count="2"/>
      <line num="57" type="method" name="getValidFileTypes" visibility="public" complexity="1" crap="1" count="3"/>
      <line num="59" type="stmt" count="3"/>
      <metrics loc="62" ncloc="33" classes="1" methods="2" coveredmethods="2" conditionals="0" coveredconditionals="0" statements="12" coveredstatements="12" elements="14" coveredelements="14"/>
    </file>
    <file name="C:\xampp\htdocs\gp\gp_loader\src\Config\JsonLoader.php">
      <class name="Loader\Config\JsonLoader" namespace="global">
        <metrics complexity="4" methods="2" coveredmethods="2" conditionals="0" coveredconditionals="0" statements="10" coveredstatements="10" elements="12" coveredelements="12"/>
      </class>
      <line num="14" type="method" name="innerLoader" visibility="public" complexity="3" crap="3" count="3"/>
      <line num="16" type="stmt" count="3"/>
      <line num="17" type="stmt" count="3"/>
      <line num="18" type="stmt" count="3"/>
      <line num="19" type="stmt" count="3"/>
      <line num="20" type="stmt" count="1"/>
      <line num="23" type="stmt" count="2"/>
      <line num="24" type="stmt" count="2"/>
      <line num="25" type="stmt" count="1"/>
      <line num="28" type="stmt" count="1"/>
      <line num="36" type="method" name="getValidFileTypes" visibility="public" complexity="1" crap="1" count="2"/>
      <line num="38" type="stmt" count="2"/>
      <metrics loc="41" ncloc="31" classes="1" methods="2" coveredmethods="2" conditionals="0" coveredconditionals="0" statements="10" coveredstatements="10" elements="12" coveredelements="12"/>
    </file>
    <file name="C:\xampp\htdocs\gp\gp_loader\src\Config\ValueLoader.php">
      <class name="Loader\Config\ValueLoader" namespace="global">
        <metrics complexity="2" methods="2" coveredmethods="2" conditionals="0" coveredconditionals="0" statements="2" coveredstatements="2" elements="4" coveredelements="4"/>
      </class>
      <line num="12" type="method" name="innerLoader" visibility="public" complexity="1" crap="1" count="2"/>
      <line num="14" type="stmt" count="2"/>
      <line num="22" type="method" name="getValidFileTypes" visibility="public" complexity="1" crap="1" count="1"/>
      <line num="24" type="stmt" count="1"/>
      <metrics loc="27" ncloc="17" classes="1" methods="2" coveredmethods="2" conditionals="0" coveredconditionals="0" statements="2" coveredstatements="2" elements="4" coveredelements="4"/>
    </file>
    <file name="C:\xampp\htdocs\gp\gp_loader\src\Config\XmlLoader.php">
      <class name="Loader\Config\XmlLoader" namespace="global">
        <metrics complexity="4" methods="2" coveredmethods="1" conditionals="0" coveredconditionals="0" statements="10" coveredstatements="9" elements="12" coveredelements="10"/>
      </class>
      <line num="14" type="method" name="innerLoader" visibility="public" complexity="3" crap="3.01" count="3"/>
      <line num="16" type="stmt" count="3"/>
      <line num="18" type="stmt" count="3"/>
      <line num="19" type="stmt" count="3"/>
      <line num="20" type="stmt" count="3"/>
      <line num="21" type="stmt" count="2"/>
      <line num="23" type="stmt" count="1"/>
      <line num="25" type="stmt" count="1"/>
      <line num="26" type="stmt" count="0"/>
      <line num="29" type="stmt" count="1"/>
      <line num="37" type="method" name="getValidFileTypes" visibility="public" complexity="1" crap="1" count="2"/>
      <line num="39" type="stmt" count="2"/>
      <metrics loc="42" ncloc="32" classes="1" methods="2" coveredmethods="1" conditionals="0" coveredconditionals="0" statements="10" coveredstatements="9" elements="12" coveredelements="10"/>
    </file>
    <file name="C:\xampp\htdocs\gp\gp_loader\src\Config\YamlLoader.php">
      <class name="Loader\Config\YamlLoader" namespace="global">
        <metrics complexity="2" methods="2" coveredmethods="2" conditionals="0" coveredconditionals="0" statements="2" coveredstatements="2" elements="4" coveredelements="4"/>
      </class>
      <line num="14" type="method" name="innerLoader" visibility="public" complexity="1" crap="1" count="1"/>
      <line num="16" type="stmt" count="1"/>
      <line num="24" type="method" name="getValidFileTypes" visibility="public" complexity="1" crap="1" count="1"/>
      <line num="26" type="stmt" count="1"/>
      <metrics loc="29" ncloc="19" classes="1" methods="2" coveredmethods="2" conditionals="0" coveredconditionals="0" statements="2" coveredstatements="2" elements="4" coveredelements="4"/>
    </file>
    <file name="C:\xampp\htdocs\gp\gp_loader\src\Container.php">
      <class name="Loader\Container" namespace="global">
        <metrics complexity="42" methods="13" coveredmethods="13" conditionals="0" coveredconditionals="0" statements="98" coveredstatements="98" elements="111" coveredelements="111"/>
      </class>
      <line num="22" type="method" name="set" visibility="public" complexity="2" crap="2" count="10"/>
      <line num="24" type="stmt" count="10"/>
      <line num="25" type="stmt" count="10"/>
      <line num="26" type="stmt" count="3"/>
      <line num="28" type="stmt" count="7"/>
      <line num="40" type="method" name="resolveDependency" visibility="public" complexity="7" crap="7" count="12"/>
      <line num="42" type="stmt" count="12"/>
      <line num="44" type="stmt" count="12"/>
      <line num="45" type="stmt" count="12"/>
      <line num="46" type="stmt" count="6"/>
      <line num="49" type="stmt" count="8"/>
      <line num="50" type="stmt" count="6"/>
      <line num="51" type="stmt" count="6"/>
      <line num="52" type="stmt" count="1"/>
      <line num="55" type="stmt" count="5"/>
      <line num="56" type="stmt" count="5"/>
      <line num="60" type="stmt" count="3"/>
      <line num="61" type="stmt" count="1"/>
      <line num="64" type="stmt" count="2"/>
      <line num="72" type="method" name="getInstance" visibility="public" complexity="2" crap="2" count="8"/>
      <line num="74" type="stmt" count="8"/>
      <line num="76" type="stmt" count="8"/>
      <line num="77" type="stmt" count="2"/>
      <line num="78" type="stmt" count="2"/>
      <line num="81" type="stmt" count="8"/>
      <line num="89" type="method" name="getService" visibility="public" complexity="2" crap="2" count="5"/>
      <line num="91" type="stmt" count="5"/>
      <line num="92" type="stmt" count="5"/>
      <line num="94" type="stmt" count="5"/>
      <line num="95" type="stmt" count="2"/>
      <line num="98" type="stmt" count="3"/>
      <line num="108" type="method" name="get" visibility="public" complexity="2" crap="2" count="8"/>
      <line num="110" type="stmt" count="8"/>
      <line num="111" type="stmt" count="8"/>
      <line num="113" type="stmt" count="8"/>
      <line num="114" type="stmt" count="1"/>
      <line num="117" type="stmt" count="7"/>
      <line num="127" type="method" name="isClassRegistered" visibility="public" complexity="2" crap="2" count="14"/>
      <line num="129" type="stmt" count="14"/>
      <line num="131" type="stmt" count="14"/>
      <line num="141" type="method" name="resolve" visibility="public" complexity="1" crap="1" count="5"/>
      <line num="143" type="stmt" count="5"/>
      <line num="144" type="stmt" count="5"/>
      <line num="146" type="stmt" count="5"/>
      <line num="149" type="method" name="getConstrParams" visibility="public" complexity="5" crap="5" count="8"/>
      <line num="151" type="stmt" count="8"/>
      <line num="152" type="stmt" count="8"/>
      <line num="153" type="stmt" count="1"/>
      <line num="156" type="stmt" count="7"/>
      <line num="158" type="stmt" count="7"/>
      <line num="160" type="stmt" count="7"/>
      <line num="161" type="stmt" count="7"/>
      <line num="162" type="stmt" count="5"/>
      <line num="165" type="stmt" count="7"/>
      <line num="173" type="method" name="loadFromConfig" visibility="public" complexity="7" crap="7" count="7"/>
      <line num="175" type="stmt" count="7"/>
      <line num="176" type="stmt" count="7"/>
      <line num="177" type="stmt" count="1"/>
      <line num="179" type="stmt" count="7"/>
      <line num="180" type="stmt" count="1"/>
      <line num="182" type="stmt" count="1"/>
      <line num="184" type="stmt" count="6"/>
      <line num="185" type="stmt" count="6"/>
      <line num="186" type="stmt" count="2"/>
      <line num="188" type="stmt" count="4"/>
      <line num="189" type="stmt" count="1"/>
      <line num="191" type="stmt" count="4"/>
      <line num="192" type="stmt" count="4"/>
      <line num="193" type="stmt" count="2"/>
      <line num="194" type="stmt" count="1"/>
      <line num="196" type="stmt" count="1"/>
      <line num="199" type="stmt" count="1"/>
      <line num="200" type="stmt" count="4"/>
      <line num="201" type="stmt" count="4"/>
      <line num="204" type="stmt" count="7"/>
      <line num="214" type="method" name="getClassParams" visibility="public" complexity="7" crap="7" count="6"/>
      <line num="216" type="stmt" count="6"/>
      <line num="218" type="stmt" count="6"/>
      <line num="219" type="stmt" count="5"/>
      <line num="220" type="stmt" count="1"/>
      <line num="222" type="stmt" count="1"/>
      <line num="225" type="stmt" count="4"/>
      <line num="226" type="stmt" count="1"/>
      <line num="228" type="stmt" count="1"/>
      <line num="231" type="stmt" count="3"/>
      <line num="232" type="stmt" count="1"/>
      <line num="234" type="stmt" count="1"/>
      <line num="237" type="stmt" count="3"/>
      <line num="238" type="stmt" count="1"/>
      <line num="240" type="stmt" count="1"/>
      <line num="243" type="stmt" count="3"/>
      <line num="244" type="stmt" count="1"/>
      <line num="246" type="stmt" count="1"/>
      <line num="249" type="stmt" count="2"/>
      <line num="252" type="stmt" count="6"/>
      <line num="255" type="method" name="resolveMethod" visibility="public" complexity="2" crap="2" count="2"/>
      <line num="257" type="stmt" count="2"/>
      <line num="258" type="stmt" count="2"/>
      <line num="259" type="stmt" count="2"/>
      <line num="261" type="stmt" count="2"/>
      <line num="262" type="stmt" count="2"/>
      <line num="263" type="stmt" count="2"/>
      <line num="266" type="stmt" count="2"/>
      <line num="269" type="method" name="resolveClassConstructor" visibility="public" complexity="1" crap="1" count="2"/>
      <line num="271" type="stmt" count="2"/>
      <line num="273" type="stmt" count="2"/>
      <line num="276" type="method" name="resolveClassMethod" visibility="public" complexity="2" crap="2" count="1"/>
      <line num="278" type="stmt" count="1"/>
      <line num="279" type="stmt" count="1"/>
      <line num="282" type="stmt" count="1"/>
      <line num="284" type="stmt" count="1"/>
      <metrics loc="287" ncloc="229" classes="1" methods="13" coveredmethods="13" conditionals="0" coveredconditionals="0" statements="98" coveredstatements="98" elements="111" coveredelements="111"/>
    </file>
    <file name="C:\xampp\htdocs\gp\gp_loader\src\Exception\LoaderException.php">
      <class name="Loader\Exception\LoaderException" namespace="global">
        <metrics complexity="2" methods="1" coveredmethods="1" conditionals="0" coveredconditionals="0" statements="2" coveredstatements="2" elements="3" coveredelements="3"/>
      </class>
      <line num="18" type="method" name="__construct" visibility="public" complexity="2" crap="2" count="17"/>
      <line num="20" type="stmt" count="17"/>
      <line num="21" type="stmt" count="17"/>
      <metrics loc="24" ncloc="24" classes="1" methods="1" coveredmethods="1" conditionals="0" coveredconditionals="0" statements="2" coveredstatements="2" elements="3" coveredelements="3"/>
    </file>
    <file name="C:\xampp\htdocs\gp\gp_loader\src\Loader.php">
      <class name="Loader\Loader" namespace="global">
        <metrics complexity="25" methods="10" coveredmethods="10" conditionals="0" coveredconditionals="0" statements="63" coveredstatements="63" elements="73" coveredelements="73"/>
      </class>
      <line num="48" type="method" name="__construct" visibility="private" complexity="3" crap="3" count="1"/>
      <line num="50" type="stmt" count="1"/>
      <line num="51" type="stmt" count="1"/>
      <line num="52" type="stmt" count="1"/>
      <line num="53" type="stmt" count="1"/>
      <line num="54" type="stmt" count="1"/>
      <line num="55" type="stmt" count="1"/>
      <line num="56" type="stmt" count="1"/>
      <line num="57" type="stmt" count="1"/>
      <line num="59" type="stmt" count="1"/>
      <line num="60" type="stmt" count="1"/>
      <line num="64" type="method" name="setPrefixes" visibility="public" complexity="1" crap="1" count="8"/>
      <line num="66" type="stmt" count="8"/>
      <line num="77" type="method" name="autoLoadClass" visibility="public" complexity="3" crap="3" count="6"/>
      <line num="79" type="stmt" count="6"/>
      <line num="80" type="stmt" count="6"/>
      <line num="81" type="stmt" count="6"/>
      <line num="82" type="stmt" count="6"/>
      <line num="83" type="stmt" count="6"/>
      <line num="84" type="stmt" count="6"/>
      <line num="85" type="stmt" count="1"/>
      <line num="88" type="stmt" count="6"/>
      <line num="91" type="stmt" count="3"/>
      <line num="101" type="method" name="model" visibility="public" complexity="3" crap="3" count="2"/>
      <line num="103" type="stmt" count="2"/>
      <line num="104" type="stmt" count="2"/>
      <line num="105" type="stmt" count="2"/>
      <line num="106" type="stmt" count="2"/>
      <line num="107" type="stmt" count="1"/>
      <line num="109" type="stmt" count="1"/>
      <line num="110" type="stmt" count="1"/>
      <line num="111" type="stmt" count="1"/>
      <line num="112" type="stmt" count="1"/>
      <line num="125" type="method" name="service" visibility="public" complexity="3" crap="3" count="2"/>
      <line num="127" type="stmt" count="2"/>
      <line num="128" type="stmt" count="2"/>
      <line num="129" type="stmt" count="2"/>
      <line num="130" type="stmt" count="2"/>
      <line num="131" type="stmt" count="1"/>
      <line num="133" type="stmt" count="1"/>
      <line num="134" type="stmt" count="1"/>
      <line num="135" type="stmt" count="1"/>
      <line num="136" type="stmt" count="1"/>
      <line num="149" type="method" name="library" visibility="public" complexity="3" crap="3" count="2"/>
      <line num="151" type="stmt" count="2"/>
      <line num="152" type="stmt" count="2"/>
      <line num="153" type="stmt" count="2"/>
      <line num="154" type="stmt" count="2"/>
      <line num="155" type="stmt" count="1"/>
      <line num="157" type="stmt" count="1"/>
      <line num="158" type="stmt" count="1"/>
      <line num="159" type="stmt" count="1"/>
      <line num="160" type="stmt" count="1"/>
      <line num="173" type="method" name="helper" visibility="public" complexity="3" crap="3" count="2"/>
      <line num="175" type="stmt" count="2"/>
      <line num="176" type="stmt" count="2"/>
      <line num="178" type="stmt" count="2"/>
      <line num="179" type="stmt" count="1"/>
      <line num="181" type="stmt" count="1"/>
      <line num="184" type="stmt" count="1"/>
      <line num="195" type="method" name="loadAll" visibility="public" complexity="2" crap="2" count="1"/>
      <line num="197" type="stmt" count="1"/>
      <line num="198" type="stmt" count="1"/>
      <line num="209" type="method" name="loadFile" visibility="public" complexity="2" crap="2" count="3"/>
      <line num="211" type="stmt" count="3"/>
      <line num="213" type="stmt" count="3"/>
      <line num="214" type="stmt" count="2"/>
      <line num="216" type="stmt" count="2"/>
      <line num="219" type="stmt" count="1"/>
      <line num="227" type="method" name="intialize" visibility="public" complexity="2" crap="2" count="13"/>
      <line num="229" type="stmt" count="13"/>
      <line num="230" type="stmt" count="1"/>
      <line num="233" type="stmt" count="13"/>
      <metrics loc="236" ncloc="146" classes="1" methods="10" coveredmethods="10" conditionals="0" coveredconditionals="0" statements="63" coveredstatements="63" elements="73" coveredelements="73"/>
    </file>
    <metrics files="10" loc="1080" ncloc="744" classes="10" methods="50" coveredmethods="48" conditionals="0" coveredconditionals="0" statements="273" coveredstatements="266" elements="323" coveredelements="314"/>
  </project>
</coverage>
